<?xml version="1.0" encoding="UTF-8" standalone="yes"?><!DOCTYPE report PUBLIC "-//JACOCO//DTD Report 1.1//EN" "report.dtd"><report name="BuildPlan Maven Plugin"><sessioninfo id="Sylwesters-MacBook-Air.local-e69d5ef3" start="1789164043428" dump="1789164044276"/><sessioninfo id="Sylwesters-MacBook-Air.local-e69d5ef3" start="1789164043428" dump="1789164044276"/><sessioninfo id="Sylwesters-MacBook-Air.local-e69d5ef3" start="1789164043428" dump="1789164044276"/><sessioninfo id="Sylwesters-MacBook-Air.local-e69d5ef3" start="1789164043428" dump="1789164044276"/><sessioninfo id="Sylwesters-MacBook-Air.local-73d11654" start="1789164047802" dump="1789164051890"/><sessioninfo id="Sylwesters-MacBook-Air.local-73d11654" start="1789164047802" dump="1789164051890"/><sessioninfo id="Sylwesters-MacBook-Air.local-73d11654" start="1789164047802" dump="1789164051890"/><sessioninfo id="Sylwesters-MacBook-Air.local-73d11654" start="1789164047802" dump="1789164051890"/><sessioninfo id="Sylwesters-MacBook-Air.local-d9eef2b" start="1789164052164" dump="1789164060980"/><sessioninfo id="Sylwesters-MacBook-Air.local-d9eef2b" start="1789164052164" dump="1789164060980"/><sessioninfo id="Sylwesters-MacBook-Air.local-d9eef2b" start="1789164052164" dump="1789164060980"/><sessioninfo id="Sylwesters-MacBook-Air.local-d9eef2b" start="1789164052164" dump="1789164060980"/><sessioninfo id="Sylwesters-MacBook-Air.local-d5a551a8" start="1789164061454" dump="1789164068258"/><sessioninfo id="Sylwesters-MacBook-Air.local-d5a551a8" start="1789164061454" dump="1789164068258"/><sessioninfo id="Sylwesters-MacBook-Air.local-d5a551a8" start="1789164061454" dump="1789164068258"/><sessioninfo id="Sylwesters-MacBook-Air.local-d5a551a8" start="1789164061454" dump="1789164068258"/><sessioninfo id="Sylwesters-MacBook-Air.local-35ae88d5" start="1789164068546" dump="1789164074644"/><sessioninfo id="Sylwesters-MacBook-Air.local-35ae88d5" start="1789164068546" dump="1789164074644"/><sessioninfo id="Sylwesters-MacBook-Air.local-35ae88d5" start="1789164068546" dump="1789164074644"/><sessioninfo id="Sylwesters-MacBook-Air.local-35ae88d5" start="1789164068546" dump="1789164074644"/><sessioninfo id="Sylwesters-MacBook-Air.local-b664bd46" start="1789164074983" dump="1789164082088"/><sessioninfo id="Sylwesters-MacBook-Air.local-b664bd46" start="1789164074983" dump="1789164082088"/><sessioninfo id="Sylwesters-MacBook-Air.local-b664bd46" start="1789164074983" dump="1789164082088"/><sessioninfo id="Sylwesters-MacBook-Air.local-b664bd46" start="1789164074983" dump="1789164082088"/><sessioninfo id="Sylwesters-MacBook-Air.local-16ab04c9" start="1789164082357" dump="1789164086093"/><sessioninfo id="Sylwesters-MacBook-Air.local-16ab04c9" start="1789164082357" dump="1789164086093"/><sessioninfo id="Sylwesters-MacBook-Air.local-16ab04c9" start="1789164082357" dump="1789164086093"/><sessioninfo id="Sylwesters-MacBook-Air.local-16ab04c9" start="1789164082357" dump="1789164086093"/><sessioninfo id="Sylwesters-MacBook-Air.local-3a0bcee" start="1789164086313" dump="1789164090941"/><sessioninfo id="Sylwesters-MacBook-Air.local-3a0bcee" start="1789164086313" dump="1789164090941"/><sessioninfo id="Sylwesters-MacBook-Air.local-3a0bcee" start="1789164086313" dump="1789164090941"/><sessioninfo id="Sylwesters-MacBook-Air.local-3a0bcee" start="1789164086313" dump="1789164090941"/><sessioninfo id="Sylwesters-MacBook-Air.local-b053e755" start="1789164091204" dump="1789164094907"/><sessioninfo id="Sylwesters-MacBook-Air.local-b053e755" start="1789164091204" dump="1789164094907"/><sessioninfo id="Sylwesters-MacBook-Air.local-b053e755" start="1789164091204" dump="1789164094907"/><sessioninfo id="Sylwesters-MacBook-Air.local-b053e755" start="1789164091204" dump="1789164094907"/><sessioninfo id="Sylwesters-MacBook-Air.local-3adabfd0" start="1789164095070" dump="1789164099145"/><sessioninfo id="Sylwesters-MacBook-Air.local-3adabfd0" start="1789164095070" dump="1789164099145"/><sessioninfo id="Sylwesters-MacBook-Air.local-3adabfd0" start="1789164095070" dump="1789164099145"/><sessioninfo id="Sylwesters-MacBook-Air.local-3adabfd0" start="1789164095070" dump="1789164099145"/><sessioninfo id="Sylwesters-MacBook-Air.local-dd9e44c0" start="1789164099483" dump="1789164113850"/><sessioninfo id="Sylwesters-MacBook-Air.local-dd9e44c0" start="1789164099483" dump="1789164113850"/><sessioninfo id="Sylwesters-MacBook-Air.local-dd9e44c0" start="1789164099483" dump="1789164113850"/><sessioninfo id="Sylwesters-MacBook-Air.local-dd9e44c0" start="1789164099483" dump="1789164113850"/><sessioninfo id="Sylwesters-MacBook-Air.local-ab821f62" start="1789164114799" dump="1789164155641"/><sessioninfo id="Sylwesters-MacBook-Air.local-ab821f62" start="1789164114799" dump="1789164155641"/><sessioninfo id="Sylwesters-MacBook-Air.local-ab821f62" start="1789164114799" dump="1789164155641"/><sessioninfo id="Sylwesters-MacBook-Air.local-ab821f62" start="1789164114799" dump="1789164155641"/><sessioninfo id="Sylwesters-MacBook-Air.local-ecde0658" start="1789164156234" dump="1789164165451"/><sessioninfo id="Sylwesters-MacBook-Air.local-ecde0658" start="1789164156234" dump="1789164165451"/><sessioninfo id="Sylwesters-MacBook-Air.local-ecde0658" start="1789164156234" dump="1789164165451"/><sessioninfo id="Sylwesters-MacBook-Air.local-ecde0658" start="1789164156234" dump="1789164165451"/><sessioninfo id="Sylwesters-MacBook-Air.local-4cc1ab22" start="1789164165770" dump="1789164170486"/><sessioninfo id="Sylwesters-MacBook-Air.local-4cc1ab22" start="1789164165770" dump="1789164170486"/><sessioninfo id="Sylwesters-MacBook-Air.local-4cc1ab22" start="1789164165770" dump="1789164170486"/><sessioninfo id="Sylwesters-MacBook-Air.local-4cc1ab22" start="1789164165770" dump="1789164170486"/><sessioninfo id="Sylwesters-MacBook-Air.local-b6a3aead" start="1789164170738" dump="1789164176391"/><sessioninfo id="Sylwesters-MacBook-Air.local-b6a3aead" start="1789164170738" dump="1789164176391"/><sessioninfo id="Sylwesters-MacBook-Air.local-b6a3aead" start="1789164170738" dump="1789164176391"/><sessioninfo id="Sylwesters-MacBook-Air.local-b6a3aead" start="1789164170738" dump="1789164176391"/><sessioninfo id="Sylwesters-MacBook-Air.local-b86ba3d5" start="1789164176607" dump="1789164181021"/><sessioninfo id="Sylwesters-MacBook-Air.local-b86ba3d5" start="1789164176607" dump="1789164181021"/><sessioninfo id="Sylwesters-MacBook-Air.local-b86ba3d5" start="1789164176607" dump="1789164181021"/><sessioninfo id="Sylwesters-MacBook-Air.local-b86ba3d5" start="1789164176607" dump="1789164181021"/><sessioninfo id="Sylwesters-MacBook-Air.local-3a3b7841" start="1789164181176" dump="1789164184156"/><sessioninfo id="Sylwesters-MacBook-Air.local-3a3b7841" start="1789164181176" dump="1789164184156"/><sessioninfo id="Sylwesters-MacBook-Air.local-3a3b7841" start="1789164181176" dump="1789164184156"/><sessioninfo id="Sylwesters-MacBook-Air.local-3a3b7841" start="1789164181176" dump="1789164184156"/><sessioninfo id="Sylwesters-MacBook-Air.local-f24e192d" start="1789164184448" dump="1789164190098"/><sessioninfo id="Sylwesters-MacBook-Air.local-f24e192d" start="1789164184448" dump="1789164190098"/><sessioninfo id="Sylwesters-MacBook-Air.local-f24e192d" start="1789164184448" dump="1789164190098"/><sessioninfo id="Sylwesters-MacBook-Air.local-f24e192d" start="1789164184448" dump="1789164190098"/><sessioninfo id="Sylwesters-MacBook-Air.local-1901081b" start="1789164190230" dump="1789164197238"/><sessioninfo id="Sylwesters-MacBook-Air.local-1901081b" start="1789164190230" dump="1789164197238"/><sessioninfo id="Sylwesters-MacBook-Air.local-1901081b" start="1789164190230" dump="1789164197238"/><sessioninfo id="Sylwesters-MacBook-Air.local-1901081b" start="1789164190230" dump="1789164197238"/><sessioninfo id="Sylwesters-MacBook-Air.local-67570094" start="1789164046795" dump="1789164197286"/><sessioninfo id="Sylwesters-MacBook-Air.local-67570094" start="1789164046795" dump="1789164197286"/><sessioninfo id="Sylwesters-MacBook-Air.local-67570094" start="1789164046795" dump="1789164197286"/><sessioninfo id="Sylwesters-MacBook-Air.local-67570094" start="1789164046795" dump="1789164197286"/><sessioninfo id="Sylwesters-MacBook-Air.local-4e8e179d" start="1789164268679" dump="1789164269774"/><sessioninfo id="Sylwesters-MacBook-Air.local-4e8e179d" start="1789164268679" dump="1789164269774"/><sessioninfo id="Sylwesters-MacBook-Air.local-4e8e179d" start="1789164268679" dump="1789164269774"/><sessioninfo id="Sylwesters-MacBook-Air.local-b38d1c8a" start="1789164278246" dump="1789164282562"/><sessioninfo id="Sylwesters-MacBook-Air.local-b38d1c8a" start="1789164278246" dump="1789164282562"/><sessioninfo id="Sylwesters-MacBook-Air.local-b38d1c8a" start="1789164278246" dump="1789164282562"/><sessioninfo id="Sylwesters-MacBook-Air.local-670d522f" start="1789164283021" dump="1789164295674"/><sessioninfo id="Sylwesters-MacBook-Air.local-670d522f" start="1789164283021" dump="1789164295674"/><sessioninfo id="Sylwesters-MacBook-Air.local-670d522f" start="1789164283021" dump="1789164295674"/><sessioninfo id="Sylwesters-MacBook-Air.local-c6b089d9" start="1789164296037" dump="1789164299723"/><sessioninfo id="Sylwesters-MacBook-Air.local-c6b089d9" start="1789164296037" dump="1789164299723"/><sessioninfo id="Sylwesters-MacBook-Air.local-c6b089d9" start="1789164296037" dump="1789164299723"/><sessioninfo id="Sylwesters-MacBook-Air.local-88d88e47" start="1789164300171" dump="1789164303739"/><sessioninfo id="Sylwesters-MacBook-Air.local-88d88e47" start="1789164300171" dump="1789164303739"/><sessioninfo id="Sylwesters-MacBook-Air.local-88d88e47" start="1789164300171" dump="1789164303739"/><sessioninfo id="Sylwesters-MacBook-Air.local-3e9b563b" start="1789164303906" dump="1789164307535"/><sessioninfo id="Sylwesters-MacBook-Air.local-3e9b563b" start="1789164303906" dump="1789164307535"/><sessioninfo id="Sylwesters-MacBook-Air.local-3e9b563b" start="1789164303906" dump="1789164307535"/><sessioninfo id="Sylwesters-MacBook-Air.local-a294d5a8" start="1789164307680" dump="1789164310450"/><sessioninfo id="Sylwesters-MacBook-Air.local-a294d5a8" start="1789164307680" dump="1789164310450"/><sessioninfo id="Sylwesters-MacBook-Air.local-a294d5a8" start="1789164307680" dump="1789164310450"/><sessioninfo id="Sylwesters-MacBook-Air.local-ed11f711" start="1789164310600" dump="1789164321175"/><sessioninfo id="Sylwesters-MacBook-Air.local-ed11f711" start="1789164310600" dump="1789164321175"/><sessioninfo id="Sylwesters-MacBook-Air.local-ed11f711" start="1789164310600" dump="1789164321175"/><sessioninfo id="Sylwesters-MacBook-Air.local-87e3738c" start="1789164321502" dump="1789164325129"/><sessioninfo id="Sylwesters-MacBook-Air.local-87e3738c" start="1789164321502" dump="1789164325129"/><sessioninfo id="Sylwesters-MacBook-Air.local-87e3738c" start="1789164321502" dump="1789164325129"/><sessioninfo id="Sylwesters-MacBook-Air.local-8be5a377" start="1789164325282" dump="1789164328198"/><sessioninfo id="Sylwesters-MacBook-Air.local-8be5a377" start="1789164325282" dump="1789164328198"/><sessioninfo id="Sylwesters-MacBook-Air.local-8be5a377" start="1789164325282" dump="1789164328198"/><sessioninfo id="Sylwesters-MacBook-Air.local-ae6e7107" start="1789164328532" dump="1789164334516"/><sessioninfo id="Sylwesters-MacBook-Air.local-ae6e7107" start="1789164328532" dump="1789164334516"/><sessioninfo id="Sylwesters-MacBook-Air.local-ae6e7107" start="1789164328532" dump="1789164334516"/><sessioninfo id="Sylwesters-MacBook-Air.local-1075b05e" start="1789164335065" dump="1789164340980"/><sessioninfo id="Sylwesters-MacBook-Air.local-1075b05e" start="1789164335065" dump="1789164340980"/><sessioninfo id="Sylwesters-MacBook-Air.local-1075b05e" start="1789164335065" dump="1789164340980"/><sessioninfo id="Sylwesters-MacBook-Air.local-42ad132e" start="1789164341141" dump="1789164343950"/><sessioninfo id="Sylwesters-MacBook-Air.local-42ad132e" start="1789164341141" dump="1789164343950"/><sessioninfo id="Sylwesters-MacBook-Air.local-42ad132e" start="1789164341141" dump="1789164343950"/><sessioninfo id="Sylwesters-MacBook-Air.local-17dc5063" start="1789164344123" dump="1789164347616"/><sessioninfo id="Sylwesters-MacBook-Air.local-17dc5063" start="1789164344123" dump="1789164347616"/><sessioninfo id="Sylwesters-MacBook-Air.local-17dc5063" start="1789164344123" dump="1789164347616"/><sessioninfo id="Sylwesters-MacBook-Air.local-f50b06a5" start="1789164347788" dump="1789164350541"/><sessioninfo id="Sylwesters-MacBook-Air.local-f50b06a5" start="1789164347788" dump="1789164350541"/><sessioninfo id="Sylwesters-MacBook-Air.local-f50b06a5" start="1789164347788" dump="1789164350541"/><sessioninfo id="Sylwesters-MacBook-Air.local-ca39724c" start="1789164350695" dump="1789164353287"/><sessioninfo id="Sylwesters-MacBook-Air.local-ca39724c" start="1789164350695" dump="1789164353287"/><sessioninfo id="Sylwesters-MacBook-Air.local-ca39724c" start="1789164350695" dump="1789164353287"/><sessioninfo id="Sylwesters-MacBook-Air.local-c26e1d64" start="1789164353438" dump="1789164356440"/><sessioninfo id="Sylwesters-MacBook-Air.local-c26e1d64" start="1789164353438" dump="1789164356440"/><sessioninfo id="Sylwesters-MacBook-Air.local-c26e1d64" start="1789164353438" dump="1789164356440"/><sessioninfo id="Sylwesters-MacBook-Air.local-42c83785" start="1789164356593" dump="1789164359406"/><sessioninfo id="Sylwesters-MacBook-Air.local-42c83785" start="1789164356593" dump="1789164359406"/><sessioninfo id="Sylwesters-MacBook-Air.local-42c83785" start="1789164356593" dump="1789164359406"/><sessioninfo id="Sylwesters-MacBook-Air.local-c33ee46" start="1789164359554" dump="1789164362378"/><sessioninfo id="Sylwesters-MacBook-Air.local-c33ee46" start="1789164359554" dump="1789164362378"/><sessioninfo id="Sylwesters-MacBook-Air.local-c33ee46" start="1789164359554" dump="1789164362378"/><sessioninfo id="Sylwesters-MacBook-Air.local-95d62682" start="1789164271079" dump="1789164362433"/><sessioninfo id="Sylwesters-MacBook-Air.local-95d62682" start="1789164271079" dump="1789164362433"/><sessioninfo id="Sylwesters-MacBook-Air.local-95d62682" start="1789164271079" dump="1789164362433"/></report>