<?xml version="1.0" encoding="UTF-8" standalone="yes"?><!DOCTYPE report PUBLIC "-//JACOCO//DTD Report 1.1//EN" "report.dtd"><report name="BuildPlan Maven Plugin"><sessioninfo id="jc.home-5a2595bc" start="1673039311171" dump="1673039312548"/><sessioninfo id="jc.home-5a2595bc" start="1673039311171" dump="1673039312548"/><sessioninfo id="jc.home-932e80aa" start="1673039318263" dump="1673039324476"/><sessioninfo id="jc.home-932e80aa" start="1673039318263" dump="1673039324476"/><sessioninfo id="jc.home-1038588f" start="1673039324982" dump="1673039329133"/><sessioninfo id="jc.home-1038588f" start="1673039324982" dump="1673039329133"/><sessioninfo id="jc.home-d5d219e" start="1673039329520" dump="1673039336140"/><sessioninfo id="jc.home-d5d219e" start="1673039329520" dump="1673039336140"/><sessioninfo id="jc.home-a864003c" start="1673039336499" dump="1673039343028"/><sessioninfo id="jc.home-a864003c" start="1673039336499" dump="1673039343028"/><sessioninfo id="jc.home-68913cfc" start="1673039343388" dump="1673039349311"/><sessioninfo id="jc.home-68913cfc" start="1673039343388" dump="1673039349311"/><sessioninfo id="jc.home-84424a6f" start="1673039349602" dump="1673039352705"/><sessioninfo id="jc.home-84424a6f" start="1673039349602" dump="1673039352705"/><sessioninfo id="jc.home-77bad314" start="1673039352999" dump="1673039356427"/><sessioninfo id="jc.home-77bad314" start="1673039352999" dump="1673039356427"/><sessioninfo id="jc.home-77782b3" start="1673039356723" dump="1673039360026"/><sessioninfo id="jc.home-77782b3" start="1673039356723" dump="1673039360026"/><sessioninfo id="jc.home-13b430bc" start="1673039360381" dump="1673039365048"/><sessioninfo id="jc.home-13b430bc" start="1673039360381" dump="1673039365048"/><sessioninfo id="jc.home-8e5d47ac" start="1673039365471" dump="1673039392531"/><sessioninfo id="jc.home-8e5d47ac" start="1673039365471" dump="1673039392531"/><sessioninfo id="jc.home-cc326c6e" start="1673039393231" dump="1673039399516"/><sessioninfo id="jc.home-cc326c6e" start="1673039393231" dump="1673039399516"/><sessioninfo id="jc.home-5f67186d" start="1673039399785" dump="1673039402716"/><sessioninfo id="jc.home-5f67186d" start="1673039399785" dump="1673039402716"/><sessioninfo id="jc.home-be825dad" start="1673039403055" dump="1673039407586"/><sessioninfo id="jc.home-be825dad" start="1673039403055" dump="1673039407586"/><sessioninfo id="jc.home-ca743786" start="1673039407919" dump="1673039411023"/><sessioninfo id="jc.home-ca743786" start="1673039407919" dump="1673039411023"/><sessioninfo id="jc.home-85cd004c" start="1673039411368" dump="1673039414355"/><sessioninfo id="jc.home-85cd004c" start="1673039411368" dump="1673039414355"/><sessioninfo id="jc.home-4c3fa3a2" start="1673039414842" dump="1673039423243"/><sessioninfo id="jc.home-4c3fa3a2" start="1673039414842" dump="1673039423243"/><sessioninfo id="jc.home-7c209070" start="1673039423572" dump="1673039426648"/><sessioninfo id="jc.home-7c209070" start="1673039423572" dump="1673039426648"/><sessioninfo id="jc.home-c385364f" start="1673039316612" dump="1673039426789"/><sessioninfo id="jc.home-c385364f" start="1673039316612" dump="1673039426789"/></report>